<?xml version="1.0" encoding="UTF-8"?>
<!-- Generated by org.testng.reporters.JUnitReportReporter -->
<testsuite skipped="0" hostname="DBS-NOTE-416" name="tests.DesafioDoisTest" tests="1" failures="0" timestamp="2020-09-05T22:40:11 BRT" time="41.775" errors="0">
  <testcase name="desafioDois" time="41.775" classname="tests.DesafioDoisTest"/>
</testsuite> <!-- tests.DesafioDoisTest -->
