<?xml version="1.0" encoding="UTF-8"?>
<!-- Generated by org.testng.reporters.JUnitReportReporter -->
<testsuite skipped="0" hostname="DBS-NOTE-416" name="tests.DesafioUmTest" tests="1" failures="0" timestamp="2020-09-05T22:40:11 BRT" time="40.352" errors="0">
  <testcase name="desafioUm" time="40.352" classname="tests.DesafioUmTest"/>
</testsuite> <!-- tests.DesafioUmTest -->
